URL:	http://cwc.nankai.edu.cn/3306/list.htm
TITLE:	南开大学财务处常用下载
HTTP error fetching URL
URL:	http://law.nankai.edu.cn/2016/0603/c4901a42903/page.htm
TITLE:	南开大学“规制与公法”系列沙龙（截止到2015年6月）
1
URL:	：2016-06-02 13:18
TITLE:	http://law.nankai.edu.cn/2016/0601/c4827a42798/page.htm
1
URL:	：2016-06-01 09:13
TITLE:	67
1
URL:	中外合作项目：南开大学法学院-斯旺西大学国际项目
TITLE:	：2016-06-01 09:12
1
URL:	高端教育培训中心简介
TITLE:	：2016-06-01 09:10
1
URL:	中伦-南开海外游学公益项目首期团队纪实
TITLE:	：2016-05-31 16:59
1
URL:	荣休教师
TITLE:	：2016-05-31 14:13
1
URL:	荣休教师
TITLE:	：2016-05-31 14:13
1
URL:	：2016-05-31 13:39
TITLE:	http://law.nankai.edu.cn/2016/0530/c4633a42717/page.htm
1
URL:	：2016-05-30 16:09
TITLE:	http://law.nankai.edu.cn/2016/0530/c4633a42713/page.htm
1
URL:	：2016-05-30 11:49
TITLE:	http://law.nankai.edu.cn/2016/0531/c4826a42745/page.htm
1
URL:	：2016-05-28 14:10
TITLE:	http://law.nankai.edu.cn/2016/0531/c4826a42739/page.htm
1
URL:	：2016-05-28 13:56
TITLE:	68
1
URL:	讲座预告：大学法治与权益保护
TITLE:	：2016-05-24 14:08
1
URL:	各委员会
TITLE:	：2016-05-24 10:15
1
URL:	各委员会
TITLE:	：2016-05-24 10:15
1
URL:	：2016-05-24 09:37
TITLE:	http://law.nankai.edu.cn/2016/0524/c5085a42309/page.htm
1
URL:	：2016-05-24 09:35
TITLE:	http://law.nankai.edu.cn/2016/0524/c5084a42299/page.htm
1
URL:	：2016-05-24 09:12
TITLE:	http://law.nankai.edu.cn/2016/0524/c5083a42298/page.htm
1
URL:	：2016-05-24 09:11
TITLE:	http://law.nankai.edu.cn/2016/0523/c5082a42277/page.htm
1
URL:	：2016-05-23 16:40
TITLE:	http://law.nankai.edu.cn/2016/0523/c5081a42264/page.htm
1
URL:	：2016-05-23 14:16
TITLE:	http://law.nankai.edu.cn/2016/0523/c4826a42224/page.htm
1
URL:	：2016-05-23 09:46
TITLE:	http://law.nankai.edu.cn/2016/0524/c5085a42308/page.htm
1
URL:	：2016-05-22 09:32
TITLE:	69
1
URL:	讲座预告：贪污贿赂定罪量刑修改之评析
TITLE:	：2016-05-20 14:05
1
URL:	南开大学比较法律文化研究中心
TITLE:	：2016-05-20 09:31
1
URL:	南开大学廉政研究中心
TITLE:	：2016-05-18 09:30
1
URL:	南开大学法学院东北亚财税法研究中心
TITLE:	：2016-05-16 09:30
1
URL:	南开大学资本市场研究中心
TITLE:	：2016-05-14 09:28
1
URL:	【学院党校】法学院党校讲授“中国共产党长期执政的‘社会契约’...
TITLE:	：2016-05-13 13:37
1
URL:	南开大学法学院人权研究中心
TITLE:	：2016-05-12 09:28
1
URL:	趣味津南，师生同乐 ——法学院第四届春季运动会圆满结束
TITLE:	：2016-05-10 11:17
1
URL:	我与《南开法律评论》十周年茶话会举行
TITLE:	：2016-05-10 11:09
1
URL:	南开大学环境司法研究中心
TITLE:	：2016-05-10 09:27
1
