URL:	http://rsc.nankai.edu.cn/news/528.html
TITLE:	关于开展2018年天津市高等学校教师资格认定工作的通知
HTTP error fetching URL
URL:	http://rsc.nankai.edu.cn/news/475.html
TITLE:	关于开展2018年度“百名青年学科带头人培养计划”申报评审工作的...
HTTP error fetching URL
URL:	http://rsc.nankai.edu.cn/news/462.html
TITLE:	关于开展2018年度天津市“131”创新型人才培养工程第一层次人选...
HTTP error fetching URL
URL:	http://rsc.nankai.edu.cn/news/432.html
TITLE:	关于 “百名青年学科带头人培养计划”入选教师中期、期末考核的...
HTTP error fetching URL
URL:	http://rsc.nankai.edu.cn/news/426.html
TITLE:	关于开展2017年天津市高等学校教师资格认定工作的通知
HTTP error fetching URL
URL:	http://cwc.nankai.edu.cn/2017/0929/c3303a74373/page.htm
TITLE:	关于调整科研项目差旅费报销标准的通知
HTTP error fetching URL
URL:	http://tas.nankai.edu.cn/2015/0508/c3214a18299/page.htm
TITLE:	孟繁强
1
URL:	：2015-05-08 15:17
TITLE:	http://tas.nankai.edu.cn/2015/0520/c3204a18596/page.htm
1
URL:	：2015-05-08 12:34
TITLE:	http://tas.nankai.edu.cn/2015/0320/c3204a15327/page.htm
1
URL:	：2015-05-08 11:38
TITLE:	http://tas.nankai.edu.cn/2016/0616/c3204a43411/page.htm
1
URL:	：2015-05-08 10:10
TITLE:	http://tas.nankai.edu.cn/2015/0519/c3204a18573/page.htm
1
URL:	：2015-05-07 17:05
TITLE:	http://tas.nankai.edu.cn/2015/0529/c3374a18787/page.htm
1
URL:	：2015-05-07 14:26
TITLE:	http://tas.nankai.edu.cn/2015/0529/c3374a18785/page.htm
1
URL:	：2015-05-07 14:26
TITLE:	110
1
URL:	王庆娟
TITLE:	：2015-05-05 16:40
1
URL:	关于在校生核对学籍信息和办理学籍异动的重要通知
TITLE:	：2015-05-05 14:26
1
URL:	杨德进
TITLE:	：2015-05-02 17:41
1
URL:	易志斌
TITLE:	：2015-05-02 15:42
1
URL:	于海波
TITLE:	：2015-05-01 16:52
1
URL:	喻晓航
TITLE:	：2015-04-30 16:43
1
URL:	我院参加2015年中国旅游科学年会
TITLE:	：2015-04-30 10:57
1
URL:	张坤
TITLE:	：2015-04-30 10:44
1
URL:	张柔然
TITLE:	：2015-04-30 09:52
1
URL:	张威
TITLE:	：2015-04-29 00:00
1
